{"uuid":"5700274572849335511",
"event":"/restapi/v1.0/account/541645017/extension/62199486016/message-store/instant?type=SMS",
"timestamp":"2024-04-18T15:28:12.138Z",
"subscriptionId":"e0c39395-f798-410c-8605-1c1c861c980e",
"ownerId":"62199486016",
"body":{"id":"2347496343017",
"to":[{"phoneNumber":"+18084652470",
"name":"Peter MacIntyre",
"location":"Honolulu, HI",
"target":true}],
"from":{"phoneNumber":"+19029405827",
"phoneNumberInfo":{"countryCode":"1","nationalDestinationCode":"902","subscriberNumber":"9405827"}},
"type":"SMS",
"creationTime":"2024-04-18T15:28:12.129Z",
"lastModifiedTime":"2024-04-18T15:28:12.129Z",
"readStatus":"Unread",
"priority":"Normal",
"attachments":[{"id":"2347496343017",
"type":"Text",
"contentType":"text/plain"}],
"direction":"Inbound",
"availability":"Alive",
"subject":"BUY 250 IBM",
"messageStatus":"Received",
"conversation":{"id":"8189625459472032449"}}}